libMrpoid/build/outputs/logs/manifest-merger-debug-report.txt
-- Merging decision tree log ---
manifest
ADDED from src/main/AndroidManifest.xml:1:1-172:12
INJECTED from src/main/AndroidManifest.xml:1:1-172:12
INJECTED from src/main/AndroidManifest.xml:1:1-172:12
INJECTED from src/main/AndroidManifest.xml:1:1-172:12
INJECTED from src/main/AndroidManifest.xml:1:1-172:12
INJECTED from src/main/AndroidManifest.xml:1:1-172:12
INJECTED from src/main/AndroidManifest.xml:1:1-172:12
	package
		ADDED from src/main/AndroidManifest.xml:2:5-25
		INJECTED from src/main/AndroidManifest.xml
		INJECTED from src/main/AndroidManifest.xml
	android:versionName
		ADDED from src/main/AndroidManifest.xml:4:5-35
		INJECTED from src/main/AndroidManifest.xml
		INJECTED from src/main/AndroidManifest.xml
	xmlns:android
		ADDED from src/main/AndroidManifest.xml:1:11-69
	android:versionCode
		ADDED from src/main/AndroidManifest.xml:3:5-31
		INJECTED from src/main/AndroidManifest.xml
		INJECTED from src/main/AndroidManifest.xml
uses-sdk
ADDED from src/main/AndroidManifest.xml:6:5-8:41
INJECTED from src/main/AndroidManifest.xml:6:5-8:41
INJECTED from src/main/AndroidManifest.xml:6:5-8:41
INJECTED from src/main/AndroidManifest.xml:6:5-8:41
INJECTED from src/main/AndroidManifest.xml:6:5-8:41
	android:targetSdkVersion
		ADDED from src/main/AndroidManifest.xml:8:9-38
		INJECTED from src/main/AndroidManifest.xml
		INJECTED from src/main/AndroidManifest.xml
	android:minSdkVersion
		ADDED from src/main/AndroidManifest.xml:7:9-35
		INJECTED from src/main/AndroidManifest.xml
		INJECTED from src/main/AndroidManifest.xml
supports-screens
ADDED from src/main/AndroidManifest.xml:10:5-15:39
	android:largeScreens
		ADDED from src/main/AndroidManifest.xml:12:9-36
	android:smallScreens
		ADDED from src/main/AndroidManifest.xml:15:9-36
	android:normalScreens
		ADDED from src/main/AndroidManifest.xml:13:9-37
	android:resizeable
		ADDED from src/main/AndroidManifest.xml:14:9-34
	android:anyDensity
		ADDED from src/main/AndroidManifest.xml:11:9-34
uses-permission#android.permission.INTERNET
ADDED from src/main/AndroidManifest.xml:18:5-67
	android:name
		ADDED from src/main/AndroidManifest.xml:18:22-64
uses-permission#android.permission.ACCESS_NETWORK_STATE
ADDED from src/main/AndroidManifest.xml:19:5-79
	android:name
		ADDED from src/main/AndroidManifest.xml:19:22-76
uses-permission#android.permission.ACCESS_WIFI_STATE
ADDED from src/main/AndroidManifest.xml:20:5-76
	android:name
		ADDED from src/main/AndroidManifest.xml:20:22-73
uses-permission#android.permission.READ_APN_SETTINGS
ADDED from src/main/AndroidManifest.xml:21:5-76
	android:name
		ADDED from src/main/AndroidManifest.xml:21:22-73
uses-permission#android.permission.KILL_BACKGROUND_PROCESSES
ADDED from src/main/AndroidManifest.xml:22:5-84
	android:name
		ADDED from src/main/AndroidManifest.xml:22:22-81
uses-permission#android.permission.READ_PHONE_STATE
ADDED from src/main/AndroidManifest.xml:25:5-75
	android:name
		ADDED from src/main/AndroidManifest.xml:25:22-72
uses-permission#android.permission.READ_EXTERNAL_STORAGE
ADDED from src/main/AndroidManifest.xml:26:5-80
	android:name
		ADDED from src/main/AndroidManifest.xml:26:22-77
uses-permission#android.permission.WRITE_EXTERNAL_STORAGE
ADDED from src/main/AndroidManifest.xml:27:5-81
	android:name
		ADDED from src/main/AndroidManifest.xml:27:22-78
uses-permission#android.permission.MOUNT_UNMOUNT_FILESYSTEMS
ADDED from src/main/AndroidManifest.xml:28:5-84
	android:name
		ADDED from src/main/AndroidManifest.xml:28:22-81
uses-permission#android.permission.READ_SMS
ADDED from src/main/AndroidManifest.xml:31:5-67
	android:name
		ADDED from src/main/AndroidManifest.xml:31:22-64
uses-permission#android.permission.WRITE_SMS
ADDED from src/main/AndroidManifest.xml:32:5-68
	android:name
		ADDED from src/main/AndroidManifest.xml:32:22-65
uses-permission#android.permission.RECEIVE_SMS
ADDED from src/main/AndroidManifest.xml:33:5-70
	android:name
		ADDED from src/main/AndroidManifest.xml:33:22-67
uses-permission#android.permission.SEND_SMS
ADDED from src/main/AndroidManifest.xml:34:5-67
	android:name
		ADDED from src/main/AndroidManifest.xml:34:22-64
uses-permission#android.permission.CALL_PHONE
ADDED from src/main/AndroidManifest.xml:35:5-69
	android:name
		ADDED from src/main/AndroidManifest.xml:35:22-66
uses-permission#android.permission.VIBRATE
ADDED from src/main/AndroidManifest.xml:38:5-66
	android:name
		ADDED from src/main/AndroidManifest.xml:38:22-63
uses-permission#android.permission.READ_LOGS
ADDED from src/main/AndroidManifest.xml:39:5-68
	android:name
		ADDED from src/main/AndroidManifest.xml:39:22-65
uses-permission#android.permission.WAKE_LOCK
ADDED from src/main/AndroidManifest.xml:40:5-68
	android:name
		ADDED from src/main/AndroidManifest.xml:40:22-65
uses-permission#android.permission.CHANGE_CONFIGURATION
ADDED from src/main/AndroidManifest.xml:41:5-79
	android:name
		ADDED from src/main/AndroidManifest.xml:41:22-76
application
ADDED from src/main/AndroidManifest.xml:43:5-170:19
service#com.mrpoid.app.EmulatorService
ADDED from src/main/AndroidManifest.xml:51:9-53:40
	android:exported
		ADDED from src/main/AndroidManifest.xml:53:13-37
	android:name
		ADDED from src/main/AndroidManifest.xml:52:13-58
receiver#com.mrpoid.app.EmulatorReceiver
ADDED from src/main/AndroidManifest.xml:55:9-58:20
	android:exported
		ADDED from src/main/AndroidManifest.xml:57:13-37
	android:name
		ADDED from src/main/AndroidManifest.xml:56:13-59
activity#com.mrpoid.app.EmulatorActivity
ADDED from src/main/AndroidManifest.xml:60:9-64:20
	android:configChanges
		ADDED from src/main/AndroidManifest.xml:62:13-57
	android:theme
		ADDED from src/main/AndroidManifest.xml:63:13-59
	android:name
		ADDED from src/main/AndroidManifest.xml:61:13-59
activity#com.mrpoid.app.EditActivity
ADDED from src/main/AndroidManifest.xml:65:9-68:20
	android:theme
		ADDED from src/main/AndroidManifest.xml:67:13-63
	android:name
		ADDED from src/main/AndroidManifest.xml:66:13-55
activity#com.mrpoid.app.HelpActivity
ADDED from src/main/AndroidManifest.xml:69:9-72:20
	android:theme
		ADDED from src/main/AndroidManifest.xml:71:13-51
	android:name
		ADDED from src/main/AndroidManifest.xml:70:13-55
activity#com.mrpoid.game.keypad.KeypadEditActivity
ADDED from src/main/AndroidManifest.xml:73:9-76:20
	android:theme
		ADDED from src/main/AndroidManifest.xml:75:13-59
	android:name
		ADDED from src/main/AndroidManifest.xml:74:13-69
activity#com.mrpoid.app.MrpoidSettingsActivity
ADDED from src/main/AndroidManifest.xml:77:9-81:20
	android:label
		ADDED from src/main/AndroidManifest.xml:79:13-45
	android:theme
		ADDED from src/main/AndroidManifest.xml:80:13-56
	android:name
		ADDED from src/main/AndroidManifest.xml:78:13-65
activity#com.mrpoid.game.keysprite.KeySpriteEditorActivity
ADDED from src/main/AndroidManifest.xml:82:9-86:20
	android:label
		ADDED from src/main/AndroidManifest.xml:84:13-45
	android:theme
		ADDED from src/main/AndroidManifest.xml:85:13-56
	android:name
		ADDED from src/main/AndroidManifest.xml:83:13-77
activity#com.mrpoid.app.ExternActivity
ADDED from src/main/AndroidManifest.xml:87:9-101:20
	android:multiprocess
		ADDED from src/main/AndroidManifest.xml:92:13-40
	android:launchMode
		ADDED from src/main/AndroidManifest.xml:91:13-42
	android:exported
		ADDED from src/main/AndroidManifest.xml:90:13-36
	android:configChanges
		ADDED from src/main/AndroidManifest.xml:89:13-57
	android:name
		ADDED from src/main/AndroidManifest.xml:88:13-57
intent-filter#android.intent.action.EDIT+android.intent.action.VIEW+android.intent.category.DEFAULT
ADDED from src/main/AndroidManifest.xml:93:13-100:29
action#android.intent.action.VIEW
ADDED from src/main/AndroidManifest.xml:94:17-69
	android:name
		ADDED from src/main/AndroidManifest.xml:94:25-66
action#android.intent.action.EDIT
ADDED from src/main/AndroidManifest.xml:95:17-69
	android:name
		ADDED from src/main/AndroidManifest.xml:95:25-66
category#android.intent.category.DEFAULT
ADDED from src/main/AndroidManifest.xml:97:17-76
	android:name
		ADDED from src/main/AndroidManifest.xml:97:27-73
data
ADDED from src/main/AndroidManifest.xml:99:17-60
	android:mimeType
		ADDED from src/main/AndroidManifest.xml:99:23-57
activity#com.mrpoid.apps.AppActivity0
ADDED from src/main/AndroidManifest.xml:104:9-108:62
	android:configChanges
		ADDED from src/main/AndroidManifest.xml:106:13-57
	android:theme
		ADDED from src/main/AndroidManifest.xml:108:13-59
	android:name
		ADDED from src/main/AndroidManifest.xml:105:13-56
service#com.mrpoid.apps.AppService0
ADDED from src/main/AndroidManifest.xml:110:9-112:13
	android:name
		ADDED from src/main/AndroidManifest.xml:111:13-55
activity#com.mrpoid.apps.AppActivity1
ADDED from src/main/AndroidManifest.xml:115:9-119:62
	android:process
		ADDED from src/main/AndroidManifest.xml:118:13-36
	android:configChanges
		ADDED from src/main/AndroidManifest.xml:117:13-57
	android:theme
		ADDED from src/main/AndroidManifest.xml:119:13-59
	android:name
		ADDED from src/main/AndroidManifest.xml:116:13-56
service#com.mrpoid.apps.AppService1
ADDED from src/main/AndroidManifest.xml:121:9-123:39
	android:process
		ADDED from src/main/AndroidManifest.xml:123:13-36
	android:name
		ADDED from src/main/AndroidManifest.xml:122:13-55
activity#com.mrpoid.apps.AppActivity2
ADDED from src/main/AndroidManifest.xml:126:9-130:62
	android:process
		ADDED from src/main/AndroidManifest.xml:129:13-36
	android:configChanges
		ADDED from src/main/AndroidManifest.xml:128:13-57
	android:theme
		ADDED from src/main/AndroidManifest.xml:130:13-59
	android:name
		ADDED from src/main/AndroidManifest.xml:127:13-56
service#com.mrpoid.apps.AppService2
ADDED from src/main/AndroidManifest.xml:132:9-134:39
	android:process
		ADDED from src/main/AndroidManifest.xml:134:13-36
	android:name
		ADDED from src/main/AndroidManifest.xml:133:13-55
activity#com.mrpoid.apps.AppActivity3
ADDED from src/main/AndroidManifest.xml:137:9-141:62
	android:process
		ADDED from src/main/AndroidManifest.xml:140:13-36
	android:configChanges
		ADDED from src/main/AndroidManifest.xml:139:13-57
	android:theme
		ADDED from src/main/AndroidManifest.xml:141:13-59
	android:name
		ADDED from src/main/AndroidManifest.xml:138:13-56
service#com.mrpoid.apps.AppService3
ADDED from src/main/AndroidManifest.xml:143:9-145:39
	android:process
		ADDED from src/main/AndroidManifest.xml:145:13-36
	android:name
		ADDED from src/main/AndroidManifest.xml:144:13-55
activity#com.mrpoid.apps.AppActivity4
ADDED from src/main/AndroidManifest.xml:148:9-152:62
	android:process
		ADDED from src/main/AndroidManifest.xml:151:13-36
	android:configChanges
		ADDED from src/main/AndroidManifest.xml:150:13-57
	android:theme
		ADDED from src/main/AndroidManifest.xml:152:13-59
	android:name
		ADDED from src/main/AndroidManifest.xml:149:13-56
service#com.mrpoid.apps.AppService4
ADDED from src/main/AndroidManifest.xml:154:9-156:39
	android:process
		ADDED from src/main/AndroidManifest.xml:156:13-36
	android:name
		ADDED from src/main/AndroidManifest.xml:155:13-55
activity#com.mrpoid.apps.AppActivity5
ADDED from src/main/AndroidManifest.xml:159:9-163:62
	android:process
		ADDED from src/main/AndroidManifest.xml:162:13-36
	android:configChanges
		ADDED from src/main/AndroidManifest.xml:161:13-57
	android:theme
		ADDED from src/main/AndroidManifest.xml:163:13-59
	android:name
		ADDED from src/main/AndroidManifest.xml:160:13-56
service#com.mrpoid.apps.AppService5
ADDED from src/main/AndroidManifest.xml:165:9-167:39
	android:process
		ADDED from src/main/AndroidManifest.xml:167:13-36
	android:name
		ADDED from src/main/AndroidManifest.xml:166:13-55